[2026-05-04T05:54:20.167Z] fix edge case when input array is empty
[2026-05-04T16:15:06.196Z] improve error code reference table
[2026-05-05T06:39:26.328Z] correct off-by-one error in pagination logic
[2026-05-05T07:54:30.598Z] add regression test for pagination bug
[2026-05-05T11:32:38.997Z] sync package-lock after merge
[2026-05-05T12:27:14.160Z] update ESLint config with stricter rules
[2026-05-05T13:14:06.454Z] update dependencies to latest stable
[2026-05-05T13:23:50.476Z] add response compression middleware
[2026-05-05T15:22:37.906Z] configure auto-deploy for staging branch
[2026-05-06T11:26:12.692Z] optimize JSON serialization for large payloads
[2026-05-06T12:56:26.998Z] implement input sanitization middleware
[2026-05-06T13:08:52.028Z] update seed data for local development
[2026-05-06T16:48:26.037Z] clean up orphaned database migration files
[2026-05-07T07:30:36.499Z] optimize startup sequence to reduce cold boot time
[2026-05-07T13:55:29.889Z] clean up unused environment variables
[2026-05-08T09:03:02.352Z] add Prometheus metrics endpoint
[2026-05-09T12:39:55.841Z] add support for custom log levels
[2026-05-09T15:07:02.255Z] update API documentation with new endpoints
[2026-05-09T15:16:37.079Z] resolve null pointer in user validation
[2026-05-09T15:26:48.074Z] fix memory leak in event listener cleanup
[2026-05-10T07:16:46.735Z] set up environment config for staging deployment
[2026-05-10T10:00:57.935Z] apply consistent code formatting
